<?xml version="1.0" encoding="UTF-8"?>
<!-- Generated by org.testng.reporters.JUnitXMLReporter -->
<testsuite hostname="DEL1-LHP-N72537" ignored="2" name="Default test" tests="1" failures="0" timestamp="2021-12-28T11:01:00 IST" time="396.495" errors="0">
  <testcase name="verifyTheVisibilityOfSearchFacetTest" time="328.057" classname="com.Test.AdvanceSearchFacetInteractionsTest"/>
  <testcase name="verifyTheVisibilityOfSearchBoxInsideTheFacetTest" time="0.0" classname="com.Test.AdvanceSearchFacetInteractionsTest">
    <ignored/>
  </testcase> <!-- verifyTheVisibilityOfSearchBoxInsideTheFacetTest -->
  <testcase name="verifyTheVisibilityOfSearchFacetTest1" time="0.0" classname="com.Test.AdvanceSearchFacetInteractionsTest">
    <ignored/>
  </testcase> <!-- verifyTheVisibilityOfSearchFacetTest1 -->
</testsuite> <!-- Default test -->
