<?xml version="1.0" encoding="UTF-8"?>
<!-- Generated by org.testng.reporters.JUnitXMLReporter -->
<testsuite ignored="1" hostname="DEL1-LHP-N72537" failures="0" tests="4" name="Test3" time="79.439" errors="0" timestamp="2021-07-22T19:51:31 IST">
  <testcase classname="com.Test.GlobalSearchInteractionsTest" name="GlobalSearchFromRecentTabTest" time="13.184"/>
  <testcase classname="com.Test.GlobalSearchInteractionsTest" name="GlobalSearchFromFavoritesTabTest" time="8.285"/>
  <testcase classname="com.Test.GlobalSearchInteractionsTest" name="GlobalSearchFromOfflineTabTest" time="8.805"/>
  <testcase classname="com.Test.GlobalSearchInteractionsTest" name="GlobalSearchFromBrowseTabTest" time="7.92"/>
  <testcase classname="com.Test.GlobalSearchInteractionsTest" name="GlobalSearchEntryPointsTest" time="0.0">
    <ignored/>
  </testcase> <!-- GlobalSearchEntryPointsTest -->
</testsuite> <!-- Test3 -->
