<?xml version="1.0" encoding="UTF-8"?>
<!-- Generated by org.testng.reporters.JUnitXMLReporter -->
<testsuite hostname="DEL1-LHP-N72537" ignored="0" name="Test" tests="13" failures="2" timestamp="2021-12-23T11:37:15 IST" time="2817.71" errors="0">
  <testcase name="allowPerimissionToAccessCameraTest" time="2.051" classname="com.Test.CaptureMultipleMediaTest">
    <failure type="java.lang.AssertionError" message="expected [false] but found [true]">
      <![CDATA[java.lang.AssertionError: expected [false] but found [true]
at com.Test.CaptureMultipleMediaTest.allowPerimissionToAccessCameraTest(CaptureMultipleMediaTest.java:92)
at java.util.ArrayList.forEach(Unknown Source)
... Removed 33 stack frames]]>
    </failure>
  </testcase> <!-- allowPerimissionToAccessCameraTest -->
  <testcase name="thumbnailMediaCountAndDiscradWarningTest" time="101.512" classname="com.Test.CaptureMultipleMediaTest"/>
  <testcase name="previewMediaTest" time="109.413" classname="com.Test.CaptureMultipleMediaTest"/>
  <testcase name="cameraSettingsTest" time="106.175" classname="com.Test.CaptureMultipleMediaTest"/>
  <testcase name="captureMorethan50MediaFilesTest" time="771.623" classname="com.Test.CaptureMultipleMediaTest"/>
  <testcase name="sendAppInBackGroundDuringCaptureMediaTest" time="67.458" classname="com.Test.CaptureMultipleMediaTest"/>
  <testcase name="mediaCountAndRemoveMediaTest" time="164.986" classname="com.Test.CaptureMultipleMediaTest"/>
  <testcase name="videoDurationTest" time="38.876" classname="com.Test.CaptureMultipleMediaTest">
    <failure type="java.lang.NumberFormatException" message="For input string: &amp;quot;00:09&amp;quot;">
      <![CDATA[java.lang.NumberFormatException: For input string: "00:09"
at sun.misc.FloatingDecimal.readJavaFormatString(Unknown Source)
at sun.misc.FloatingDecimal.parseDouble(Unknown Source)
at java.lang.Double.parseDouble(Unknown Source)
at com.Test.CaptureMultipleMediaTest.videoDurationTest(CaptureMultipleMediaTest.java:434)
at java.util.ArrayList.forEach(Unknown Source)
... Removed 27 stack frames]]>
    </failure>
  </testcase> <!-- videoDurationTest -->
  <testcase name="fileNameValidationsTest" time="86.935" classname="com.Test.CaptureMultipleMediaTest"/>
  <testcase name="fileNameRetainTest" time="134.035" classname="com.Test.CaptureMultipleMediaTest"/>
  <testcase name="videoPlayerTest" time="88.731" classname="com.Test.CaptureMultipleMediaTest"/>
  <testcase name="scrollingInCarouselTest" time="65.324" classname="com.Test.CaptureMultipleMediaTest"/>
  <testcase name="uploadMediaTest" time="117.264" classname="com.Test.CaptureMultipleMediaTest"/>
</testsuite> <!-- Test -->
