<?xml version="1.0" encoding="UTF-8"?>
<!-- Generated by org.testng.reporters.JUnitXMLReporter -->
<testsuite ignored="1" hostname="DEL1-LHP-N72537" failures="0" tests="4" name="Test4" time="81.407" errors="0" timestamp="2021-07-22T19:52:53 IST">
  <testcase classname="com.Test.GlobalSearchInteractionsTest" name="GlobalSearchFromRecentTabTest" time="12.636"/>
  <testcase classname="com.Test.GlobalSearchInteractionsTest" name="GlobalSearchFromFavoritesTabTest" time="8.382"/>
  <testcase classname="com.Test.GlobalSearchInteractionsTest" name="GlobalSearchFromOfflineTabTest" time="8.885"/>
  <testcase classname="com.Test.GlobalSearchInteractionsTest" name="GlobalSearchFromBrowseTabTest" time="8.703"/>
  <testcase classname="com.Test.GlobalSearchInteractionsTest" name="GlobalSearchEntryPointsTest" time="0.0">
    <ignored/>
  </testcase> <!-- GlobalSearchEntryPointsTest -->
</testsuite> <!-- Test4 -->
